 Image farmos-hearth-api Building 
 Image farmos-pasture-api Building 
 Image farmos-commerce-api Building 
 Image farmos-apiary-api Building 
 Image farmos-assets-api Building 
 Image farmos-flora-api Building 
 Image farmos-hearth-os-ui Building 
 Image farmos-auth-api Building 
 Image farmos-ledger-api Building 
#1 [internal] load local bake definitions
#1 reading from stdin 4.47kB done
#1 DONE 0.0s

#2 [internal] load build definition from Dockerfile
#2 transferring dockerfile: 521B done
#2 DONE 0.0s

#3 [internal] load metadata for docker.io/denoland/deno:latest
#3 DONE 0.0s

#4 [internal] load .dockerignore
#4 transferring context: 2B done
#4 DONE 0.0s

#5 [internal] load build context
#5 DONE 0.0s

#6 [1/7] FROM docker.io/denoland/deno:latest@sha256:306bfec501d22d1b614ea6795c83751503974d99cfe24af3d27bb156dc22b8e4
#6 resolve docker.io/denoland/deno:latest@sha256:306bfec501d22d1b614ea6795c83751503974d99cfe24af3d27bb156dc22b8e4 0.0s done
#6 DONE 0.0s

#7 [2/7] WORKDIR /app
#7 CACHED

#5 [internal] load build context
#5 transferring context: 548.88kB 0.3s done
#5 DONE 0.4s

#8 [3/7] COPY deno.json deno.lock ./
#8 DONE 0.2s

#9 [4/7] RUN deno install
#9 0.339 [0m[32mDownload[0m https://registry.npmjs.org/@microsoft%2fsignalr
#9 0.344 [0m[32mDownload[0m https://registry.npmjs.org/@preact%2fsignals
#9 1.240 [0m[32mDownload[0m https://registry.npmjs.org/abort-controller
#9 1.240 [0m[32mDownload[0m https://registry.npmjs.org/eventsource
#9 1.240 [0m[32mDownload[0m https://registry.npmjs.org/fetch-cookie
#9 1.240 [0m[32mDownload[0m https://registry.npmjs.org/node-fetch
#9 1.240 [0m[32mDownload[0m https://registry.npmjs.org/ws
#9 1.240 [0m[32mDownload[0m https://registry.npmjs.org/@preact%2fsignals-core
#9 1.240 [0m[32mDownload[0m https://registry.npmjs.org/preact
#9 1.462 [0m[32mDownload[0m https://registry.npmjs.org/event-target-shim
#9 1.462 [0m[32mDownload[0m https://registry.npmjs.org/set-cookie-parser
#9 1.462 [0m[32mDownload[0m https://registry.npmjs.org/tough-cookie
#9 1.462 [0m[32mDownload[0m https://registry.npmjs.org/encoding
#9 1.462 [0m[32mDownload[0m https://registry.npmjs.org/whatwg-url
#9 1.462 [0m[32mDownload[0m https://registry.npmjs.org/bufferutil
#9 1.462 [0m[32mDownload[0m https://registry.npmjs.org/utf-8-validate
#9 1.561 [0m[32mDownload[0m https://registry.npmjs.org/psl
#9 1.561 [0m[32mDownload[0m https://registry.npmjs.org/punycode
#9 1.561 [0m[32mDownload[0m https://registry.npmjs.org/universalify
#9 1.561 [0m[32mDownload[0m https://registry.npmjs.org/url-parse
#9 1.578 [0m[32mDownload[0m https://registry.npmjs.org/tr46
#9 1.578 [0m[32mDownload[0m https://registry.npmjs.org/webidl-conversions
#9 1.791 [0m[32mDownload[0m https://registry.npmjs.org/querystringify
#9 1.791 [0m[32mDownload[0m https://registry.npmjs.org/requires-port
#9 1.874 [0m[32mDownload[0m https://registry.npmjs.org/@opentelemetry%2fapi
#9 1.874 [0m[32mDownload[0m https://registry.npmjs.org/preact-render-to-string
#9 1.874 [0m[32mDownload[0m https://registry.npmjs.org/@babel%2fpreset-react
#9 1.874 [0m[32mDownload[0m https://registry.npmjs.org/rollup
#9 1.874 [0m[32mDownload[0m https://registry.npmjs.org/esbuild-wasm
#9 1.874 [0m[32mDownload[0m https://registry.npmjs.org/@mjackson%2fnode-fetch-server
#9 1.874 [0m[32mDownload[0m https://registry.npmjs.org/@prefresh%2fvite
#9 1.874 [0m[32mDownload[0m https://registry.npmjs.org/zod
#9 1.874 [0m[32mDownload[0m https://registry.npmjs.org/esbuild
#9 1.874 [0m[32mDownload[0m https://registry.npmjs.org/@babel%2fcore
#9 1.874 [0m[32mDownload[0m https://registry.npmjs.org/vite
#9 1.874 [0m[32mDownload[0m https://registry.npmjs.org/tailwindcss
#9 1.874 [0m[32mDownload[0m https://registry.npmjs.org/@tailwindcss%2fvite
#9 2.223 [0m[32mDownload[0m https://registry.npmjs.org/@prefresh%2fbabel-plugin
#9 2.223 [0m[32mDownload[0m https://registry.npmjs.org/@prefresh%2fcore
#9 2.223 [0m[32mDownload[0m https://registry.npmjs.org/@prefresh%2futils
#9 2.223 [0m[32mDownload[0m https://registry.npmjs.org/@rollup%2fpluginutils
#9 2.243 [0m[32mDownload[0m https://registry.npmjs.org/@babel%2fhelper-plugin-utils
#9 2.243 [0m[32mDownload[0m https://registry.npmjs.org/@babel%2fhelper-validator-option
#9 2.243 [0m[32mDownload[0m https://registry.npmjs.org/@babel%2fplugin-transform-react-display-name
#9 2.243 [0m[32mDownload[0m https://registry.npmjs.org/@babel%2fplugin-transform-react-jsx
#9 2.243 [0m[32mDownload[0m https://registry.npmjs.org/@babel%2fplugin-transform-react-jsx-development
#9 2.243 [0m[32mDownload[0m https://registry.npmjs.org/@babel%2fplugin-transform-react-pure-annotations
#9 2.479 [0m[32mDownload[0m https://registry.npmjs.org/@babel%2fcode-frame
#9 2.479 [0m[32mDownload[0m https://registry.npmjs.org/@babel%2fgenerator
#9 2.479 [0m[32mDownload[0m https://registry.npmjs.org/@babel%2fhelper-compilation-targets
#9 2.479 [0m[32mDownload[0m https://registry.npmjs.org/@babel%2fhelper-module-transforms
#9 2.479 [0m[32mDownload[0m https://registry.npmjs.org/@babel%2fhelpers
#9 2.479 [0m[32mDownload[0m https://registry.npmjs.org/@babel%2fparser
#9 2.479 [0m[32mDownload[0m https://registry.npmjs.org/@babel%2ftemplate
#9 2.479 [0m[32mDownload[0m https://registry.npmjs.org/@babel%2ftraverse
#9 2.479 [0m[32mDownload[0m https://registry.npmjs.org/@babel%2ftypes
#9 2.479 [0m[32mDownload[0m https://registry.npmjs.org/@jridgewell%2fremapping
#9 2.479 [0m[32mDownload[0m https://registry.npmjs.org/convert-source-map
#9 2.479 [0m[32mDownload[0m https://registry.npmjs.org/debug
#9 2.479 [0m[32mDownload[0m https://registry.npmjs.org/gensync
#9 2.479 [0m[32mDownload[0m https://registry.npmjs.org/json5
#9 2.479 [0m[32mDownload[0m https://registry.npmjs.org/semver
#9 2.563 [0m[32mDownload[0m https://registry.npmjs.org/estree-walker
#9 2.563 [0m[32mDownload[0m https://registry.npmjs.org/picomatch
#9 2.582 [0m[32mDownload[0m https://registry.npmjs.org/@babel%2fhelper-annotate-as-pure
#9 2.588 [0m[32mDownload[0m https://registry.npmjs.org/@tailwindcss%2fnode
#9 2.588 [0m[32mDownload[0m https://registry.npmjs.org/@tailwindcss%2foxide
#9 2.671 [0m[32mDownload[0m https://registry.npmjs.org/@babel%2fhelper-module-imports
#9 2.671 [0m[32mDownload[0m https://registry.npmjs.org/@babel%2fplugin-syntax-jsx
#9 2.684 [0m[32mDownload[0m https://registry.npmjs.org/@jridgewell%2fgen-mapping
#9 2.684 [0m[32mDownload[0m https://registry.npmjs.org/@jridgewell%2ftrace-mapping
#9 2.687 [0m[32mDownload[0m https://registry.npmjs.org/@esbuild%2faix-ppc64
#9 2.687 [0m[32mDownload[0m https://registry.npmjs.org/@esbuild%2fandroid-arm
#9 2.687 [0m[32mDownload[0m https://registry.npmjs.org/@esbuild%2fandroid-arm64
#9 2.687 [0m[32mDownload[0m https://registry.npmjs.org/@esbuild%2fandroid-x64
#9 2.687 [0m[32mDownload[0m https://registry.npmjs.org/@esbuild%2fdarwin-arm64
#9 2.687 [0m[32mDownload[0m https://registry.npmjs.org/@esbuild%2fdarwin-x64
#9 2.687 [0m[32mDownload[0m https://registry.npmjs.org/@esbuild%2ffreebsd-arm64
#9 2.687 [0m[32mDownload[0m https://registry.npmjs.org/@esbuild%2ffreebsd-x64
#9 2.687 [0m[32mDownload[0m https://registry.npmjs.org/@esbuild%2flinux-arm
#9 2.687 [0m[32mDownload[0m https://registry.npmjs.org/@esbuild%2flinux-arm64
#9 2.687 [0m[32mDownload[0m https://registry.npmjs.org/@esbuild%2flinux-ia32
#9 2.687 [0m[32mDownload[0m https://registry.npmjs.org/@esbuild%2flinux-loong64
#9 2.687 [0m[32mDownload[0m https://registry.npmjs.org/@esbuild%2flinux-mips64el
#9 2.687 [0m[32mDownload[0m https://registry.npmjs.org/@esbuild%2flinux-ppc64
#9 2.687 [0m[32mDownload[0m https://registry.npmjs.org/@esbuild%2flinux-riscv64
#9 2.687 [0m[32mDownload[0m https://registry.npmjs.org/@esbuild%2flinux-s390x
#9 2.687 [0m[32mDownload[0m https://registry.npmjs.org/@esbuild%2flinux-x64
#9 2.687 [0m[32mDownload[0m https://registry.npmjs.org/@esbuild%2fnetbsd-arm64
#9 2.687 [0m[32mDownload[0m https://registry.npmjs.org/@esbuild%2fnetbsd-x64
#9 2.687 [0m[32mDownload[0m https://registry.npmjs.org/@esbuild%2fopenbsd-arm64
#9 2.687 [0m[32mDownload[0m https://registry.npmjs.org/@esbuild%2fopenbsd-x64
#9 2.687 [0m[32mDownload[0m https://registry.npmjs.org/@esbuild%2fopenharmony-arm64
#9 2.687 [0m[32mDownload[0m https://registry.npmjs.org/@esbuild%2fsunos-x64
#9 2.687 [0m[32mDownload[0m https://registry.npmjs.org/@esbuild%2fwin32-arm64
#9 2.687 [0m[32mDownload[0m https://registry.npmjs.org/@esbuild%2fwin32-ia32
#9 2.687 [0m[32mDownload[0m https://registry.npmjs.org/@esbuild%2fwin32-x64
#9 2.691 [0m[32mDownload[0m https://registry.npmjs.org/@babel%2fhelper-validator-identifier
#9 2.691 [0m[32mDownload[0m https://registry.npmjs.org/js-tokens
#9 2.691 [0m[32mDownload[0m https://registry.npmjs.org/picocolors
#9 2.700 [0m[32mDownload[0m https://registry.npmjs.org/@babel%2fcompat-data
#9 2.700 [0m[32mDownload[0m https://registry.npmjs.org/browserslist
#9 2.700 [0m[32mDownload[0m https://registry.npmjs.org/lru-cache
#9 2.753 [0m[32mDownload[0m https://registry.npmjs.org/ms
#9 2.773 [0m[32mDownload[0m https://registry.npmjs.org/jsesc
#9 2.788 [0m[32mDownload[0m https://registry.npmjs.org/@babel%2fhelper-globals
#9 2.790 [0m[32mDownload[0m https://registry.npmjs.org/@rollup%2frollup-android-arm-eabi
#9 2.790 [0m[32mDownload[0m https://registry.npmjs.org/@rollup%2frollup-android-arm64
#9 2.790 [0m[32mDownload[0m https://registry.npmjs.org/@rollup%2frollup-darwin-arm64
#9 2.790 [0m[32mDownload[0m https://registry.npmjs.org/@rollup%2frollup-darwin-x64
#9 2.790 [0m[32mDownload[0m https://registry.npmjs.org/@rollup%2frollup-freebsd-arm64
#9 2.790 [0m[32mDownload[0m https://registry.npmjs.org/@rollup%2frollup-freebsd-x64
#9 2.790 [0m[32mDownload[0m https://registry.npmjs.org/@rollup%2frollup-linux-arm-gnueabihf
#9 2.790 [0m[32mDownload[0m https://registry.npmjs.org/@rollup%2frollup-linux-arm-musleabihf
#9 2.790 [0m[32mDownload[0m https://registry.npmjs.org/@rollup%2frollup-linux-arm64-gnu
#9 2.790 [0m[32mDownload[0m https://registry.npmjs.org/@rollup%2frollup-linux-arm64-musl
#9 2.790 [0m[32mDownload[0m https://registry.npmjs.org/@rollup%2frollup-linux-loong64-gnu
#9 2.790 [0m[32mDownload[0m https://registry.npmjs.org/@rollup%2frollup-linux-loong64-musl
#9 2.790 [0m[32mDownload[0m https://registry.npmjs.org/@rollup%2frollup-linux-ppc64-gnu
#9 2.790 [0m[32mDownload[0m https://registry.npmjs.org/@rollup%2frollup-linux-ppc64-musl
#9 2.790 [0m[32mDownload[0m https://registry.npmjs.org/@rollup%2frollup-linux-riscv64-gnu
#9 2.791 [0m[32mDownload[0m https://registry.npmjs.org/@rollup%2frollup-linux-riscv64-musl
#9 2.791 [0m[32mDownload[0m https://registry.npmjs.org/@rollup%2frollup-linux-s390x-gnu
#9 2.791 [0m[32mDownload[0m https://registry.npmjs.org/@rollup%2frollup-linux-x64-gnu
#9 2.791 [0m[32mDownload[0m https://registry.npmjs.org/@rollup%2frollup-linux-x64-musl
#9 2.791 [0m[32mDownload[0m https://registry.npmjs.org/@rollup%2frollup-openbsd-x64
#9 2.791 [0m[32mDownload[0m https://registry.npmjs.org/@rollup%2frollup-openharmony-arm64
#9 2.791 [0m[32mDownload[0m https://registry.npmjs.org/@rollup%2frollup-win32-arm64-msvc
#9 2.791 [0m[32mDownload[0m https://registry.npmjs.org/@rollup%2frollup-win32-ia32-msvc
#9 2.791 [0m[32mDownload[0m https://registry.npmjs.org/@rollup%2frollup-win32-x64-gnu
#9 2.791 [0m[32mDownload[0m https://registry.npmjs.org/@rollup%2frollup-win32-x64-msvc
#9 2.791 [0m[32mDownload[0m https://registry.npmjs.org/@types%2festree
#9 2.791 [0m[32mDownload[0m https://registry.npmjs.org/fsevents
#9 2.792 [0m[32mDownload[0m https://registry.npmjs.org/@babel%2fhelper-string-parser
#9 2.806 [0m[32mDownload[0m https://registry.npmjs.org/enhanced-resolve
#9 2.806 [0m[32mDownload[0m https://registry.npmjs.org/jiti
#9 2.806 [0m[32mDownload[0m https://registry.npmjs.org/lightningcss
#9 2.806 [0m[32mDownload[0m https://registry.npmjs.org/magic-string
#9 2.806 [0m[32mDownload[0m https://registry.npmjs.org/source-map-js
#9 2.815 [0m[32mDownload[0m https://registry.npmjs.org/fdir
#9 2.815 [0m[32mDownload[0m https://registry.npmjs.org/postcss
#9 2.815 [0m[32mDownload[0m https://registry.npmjs.org/tinyglobby
#9 2.850 [0m[32mDownload[0m https://registry.npmjs.org/@jridgewell%2fsourcemap-codec
#9 2.856 [0m[32mDownload[0m https://registry.npmjs.org/@jridgewell%2fresolve-uri
#9 2.902 [0m[32mDownload[0m https://registry.npmjs.org/yallist
#9 2.903 [0m[32mDownload[0m https://registry.npmjs.org/baseline-browser-mapping
#9 2.903 [0m[32mDownload[0m https://registry.npmjs.org/caniuse-lite
#9 2.903 [0m[32mDownload[0m https://registry.npmjs.org/electron-to-chromium
#9 2.903 [0m[32mDownload[0m https://registry.npmjs.org/node-releases
#9 2.903 [0m[32mDownload[0m https://registry.npmjs.org/update-browserslist-db
#9 2.918 [0m[32mDownload[0m https://registry.npmjs.org/detect-libc
#9 2.918 [0m[32mDownload[0m https://registry.npmjs.org/lightningcss-android-arm64
#9 2.918 [0m[32mDownload[0m https://registry.npmjs.org/lightningcss-darwin-arm64
#9 2.918 [0m[32mDownload[0m https://registry.npmjs.org/lightningcss-darwin-x64
#9 2.918 [0m[32mDownload[0m https://registry.npmjs.org/lightningcss-freebsd-x64
#9 2.918 [0m[32mDownload[0m https://registry.npmjs.org/lightningcss-linux-arm-gnueabihf
#9 2.918 [0m[32mDownload[0m https://registry.npmjs.org/lightningcss-linux-arm64-gnu
#9 2.918 [0m[32mDownload[0m https://registry.npmjs.org/lightningcss-linux-arm64-musl
#9 2.918 [0m[32mDownload[0m https://registry.npmjs.org/lightningcss-linux-x64-gnu
#9 2.918 [0m[32mDownload[0m https://registry.npmjs.org/lightningcss-linux-x64-musl
#9 2.918 [0m[32mDownload[0m https://registry.npmjs.org/lightningcss-win32-arm64-msvc
#9 2.919 [0m[32mDownload[0m https://registry.npmjs.org/lightningcss-win32-x64-msvc
#9 2.924 [0m[32mDownload[0m https://registry.npmjs.org/@tailwindcss%2foxide-android-arm64
#9 2.924 [0m[32mDownload[0m https://registry.npmjs.org/@tailwindcss%2foxide-darwin-arm64
#9 2.924 [0m[32mDownload[0m https://registry.npmjs.org/@tailwindcss%2foxide-darwin-x64
#9 2.924 [0m[32mDownload[0m https://registry.npmjs.org/@tailwindcss%2foxide-freebsd-x64
#9 2.924 [0m[32mDownload[0m https://registry.npmjs.org/@tailwindcss%2foxide-linux-arm-gnueabihf
#9 2.924 [0m[32mDownload[0m https://registry.npmjs.org/@tailwindcss%2foxide-linux-arm64-gnu
#9 2.924 [0m[32mDownload[0m https://registry.npmjs.org/@tailwindcss%2foxide-linux-arm64-musl
#9 2.924 [0m[32mDownload[0m https://registry.npmjs.org/@tailwindcss%2foxide-linux-x64-gnu
#9 2.924 [0m[32mDownload[0m https://registry.npmjs.org/@tailwindcss%2foxide-linux-x64-musl
#9 2.924 [0m[32mDownload[0m https://registry.npmjs.org/@tailwindcss%2foxide-wasm32-wasi
#9 2.924 [0m[32mDownload[0m https://registry.npmjs.org/@tailwindcss%2foxide-win32-arm64-msvc
#9 2.924 [0m[32mDownload[0m https://registry.npmjs.org/@tailwindcss%2foxide-win32-x64-msvc
#9 2.927 [0m[32mDownload[0m https://registry.npmjs.org/graceful-fs
#9 2.927 [0m[32mDownload[0m https://registry.npmjs.org/tapable
#9 2.968 [0m[32mDownload[0m https://registry.npmjs.org/nanoid
#9 3.068 [0m[32mDownload[0m https://registry.npmjs.org/escalade
#9 3.315 [0m[32mDownload[0m https://registry.npmjs.org/@types%2fnode
#9 3.315 [0m[32mDownload[0m https://registry.npmjs.org/less
#9 3.315 [0m[32mDownload[0m https://registry.npmjs.org/sass
#9 3.315 [0m[32mDownload[0m https://registry.npmjs.org/sass-embedded
#9 3.315 [0m[32mDownload[0m https://registry.npmjs.org/stylus
#9 3.315 [0m[32mDownload[0m https://registry.npmjs.org/sugarss
#9 3.315 [0m[32mDownload[0m https://registry.npmjs.org/terser
#9 3.315 [0m[32mDownload[0m https://registry.npmjs.org/tsx
#9 3.315 [0m[32mDownload[0m https://registry.npmjs.org/yaml
#9 3.634 [0m[32mDownload[0m https://jsr.io/@fresh/core/2.2.0_meta.json
#9 3.634 [0m[32mDownload[0m https://jsr.io/@fresh/plugin-vite/1.0.8_meta.json
#9 4.883 [0m[32mDownload[0m https://jsr.io/@fresh/core/meta.json
#9 4.883 [0m[32mDownload[0m https://jsr.io/@fresh/plugin-vite/meta.json
#9 5.037 [0m[32mDownload[0m https://jsr.io/@fresh/core/2.2.0/deno.json
#9 5.037 [0m[32mDownload[0m https://jsr.io/@fresh/build-id/meta.json
#9 5.037 [0m[32mDownload[0m https://jsr.io/@std/path/meta.json
#9 5.037 [0m[32mDownload[0m https://jsr.io/@std/dotenv/meta.json
#9 5.037 [0m[32mDownload[0m https://jsr.io/@std/fmt/meta.json
#9 5.037 [0m[32mDownload[0m https://jsr.io/@std/http/meta.json
#9 5.037 [0m[32mDownload[0m https://jsr.io/@std/fs/meta.json
#9 5.037 [0m[32mDownload[0m https://jsr.io/@std/encoding/meta.json
#9 5.037 [0m[32mDownload[0m https://jsr.io/@std/media-types/meta.json
#9 5.037 [0m[32mDownload[0m https://jsr.io/@std/semver/meta.json
#9 5.037 [0m[32mDownload[0m https://jsr.io/@deno/loader/meta.json
#9 5.037 [0m[32mDownload[0m https://jsr.io/@std/html/meta.json
#9 5.037 [0m[32mDownload[0m https://jsr.io/@deno/esbuild-plugin/meta.json
#9 5.037 [0m[32mDownload[0m https://jsr.io/@std/uuid/meta.json
#9 5.037 [0m[32mDownload[0m https://jsr.io/@std/jsonc/meta.json
#9 5.299 [0m[32mDownload[0m https://jsr.io/@fresh/build-id/1.0.1_meta.json
#9 5.299 [0m[32mDownload[0m https://jsr.io/@std/path/1.1.4_meta.json
#9 5.299 [0m[32mDownload[0m https://jsr.io/@std/dotenv/0.225.6_meta.json
#9 5.299 [0m[32mDownload[0m https://jsr.io/@std/fmt/1.0.9_meta.json
#9 5.299 [0m[32mDownload[0m https://jsr.io/@std/http/1.0.23_meta.json
#9 5.299 [0m[32mDownload[0m https://jsr.io/@std/fs/1.0.21_meta.json
#9 5.299 [0m[32mDownload[0m https://jsr.io/@std/encoding/1.0.10_meta.json
#9 5.299 [0m[32mDownload[0m https://jsr.io/@std/media-types/1.1.0_meta.json
#9 5.299 [0m[32mDownload[0m https://jsr.io/@std/semver/1.0.8_meta.json
#9 5.299 [0m[32mDownload[0m https://jsr.io/@deno/loader/0.3.11_meta.json
#9 5.299 [0m[32mDownload[0m https://jsr.io/@std/html/1.0.5_meta.json
#9 5.299 [0m[32mDownload[0m https://jsr.io/@deno/esbuild-plugin/1.2.1_meta.json
#9 5.299 [0m[32mDownload[0m https://jsr.io/@std/uuid/1.1.0_meta.json
#9 5.300 [0m[32mDownload[0m https://jsr.io/@std/jsonc/1.0.2_meta.json
#9 5.518 [0m[32mDownload[0m https://jsr.io/@std/bytes/meta.json
#9 5.518 [0m[32mDownload[0m https://jsr.io/@std/internal/meta.json
#9 5.518 [0m[32mDownload[0m https://jsr.io/@std/json/meta.json
#9 5.661 [0m[32mDownload[0m https://jsr.io/@std/bytes/1.0.6_meta.json
#9 5.661 [0m[32mDownload[0m https://jsr.io/@std/internal/1.0.12_meta.json
#9 5.670 [0m[32mDownload[0m https://jsr.io/@std/json/1.0.2_meta.json
#9 5.822 [0m[32mDownload[0m https://jsr.io/@fresh/core/2.2.0/src/mod.ts
#9 5.822 [0m[32mDownload[0m https://jsr.io/@fresh/core/2.2.0/src/runtime/shared.ts
#9 5.822 [0m[32mDownload[0m https://jsr.io/@fresh/core/2.2.0/src/runtime/client/mod.ts
#9 5.822 [0m[32mDownload[0m https://jsr.io/@fresh/core/2.2.0/src/dev/mod.ts
#9 5.822 [0m[32mDownload[0m https://jsr.io/@fresh/core/2.2.0/src/compat.ts
#9 5.822 [0m[32mDownload[0m https://jsr.io/@fresh/core/2.2.0/src/internals.ts
#9 5.822 [0m[32mDownload[0m https://jsr.io/@fresh/core/2.2.0/src/internals_dev.ts
#9 5.822 [0m[32mDownload[0m https://jsr.io/@fresh/plugin-vite/1.0.8/src/mod.ts
#9 5.822 [0m[32mDownload[0m https://jsr.io/@fresh/plugin-vite/1.0.8/src/client.ts
#9 5.822 [0m[32mDownload[0m https://jsr.io/@fresh/core/2.2.0/src/app.ts
#9 5.822 [0m[32mDownload[0m https://jsr.io/@fresh/core/2.2.0/src/middlewares/trailing_slashes.ts
#9 5.822 [0m[32mDownload[0m https://jsr.io/@fresh/core/2.2.0/src/handlers.ts
#9 5.822 [0m[32mDownload[0m https://jsr.io/@fresh/core/2.2.0/src/types.ts
#9 5.822 [0m[32mDownload[0m https://jsr.io/@fresh/core/2.2.0/src/middlewares/mod.ts
#9 5.822 [0m[32mDownload[0m https://jsr.io/@fresh/core/2.2.0/src/middlewares/static_files.ts
#9 5.822 [0m[32mDownload[0m https://jsr.io/@fresh/core/2.2.0/src/middlewares/csrf.ts
#9 5.822 [0m[32mDownload[0m https://jsr.io/@fresh/core/2.2.0/src/middlewares/cors.ts
#9 5.822 [0m[32mDownload[0m https://jsr.io/@fresh/core/2.2.0/src/middlewares/csp.ts
#9 5.822 [0m[32mDownload[0m https://jsr.io/@fresh/core/2.2.0/src/config.ts
#9 5.822 [0m[32mDownload[0m https://jsr.io/@fresh/core/2.2.0/src/context.ts
#9 5.822 [0m[32mDownload[0m https://jsr.io/@fresh/core/2.2.0/src/define.ts
#9 5.822 [0m[32mDownload[0m https://jsr.io/@fresh/core/2.2.0/src/router.ts
#9 5.822 [0m[32mDownload[0m https://jsr.io/@fresh/core/2.2.0/src/error.ts
#9 5.822 [0m[32mDownload[0m https://jsr.io/@fresh/core/2.2.0/src/render.ts
#9 5.822 [0m[32mDownload[0m https://jsr.io/@fresh/core/2.2.0/src/runtime/shared_internal.ts
#9 5.822 [0m[32mDownload[0m https://jsr.io/@fresh/core/2.2.0/src/runtime/head.ts
#9 5.822 [0m[32mDownload[0m https://jsr.io/@fresh/core/2.2.0/src/runtime/client/polyfills.ts
#9 5.822 [0m[32mDownload[0m https://jsr.io/@fresh/core/2.2.0/src/runtime/client/preact_hooks_client.ts
#9 5.822 [0m[32mDownload[0m https://jsr.io/@fresh/core/2.2.0/src/runtime/client/partials.ts
#9 5.822 [0m[32mDownload[0m https://jsr.io/@fresh/core/2.2.0/src/runtime/client/reviver.ts
#9 5.822 [0m[32mDownload[0m https://jsr.io/@fresh/core/2.2.0/src/dev/builder.ts
#9 5.822 [0m[32mDownload[0m https://jsr.io/@fresh/core/2.2.0/src/dev/file_transformer.ts
#9 5.822 [0m[32mDownload[0m https://jsr.io/@fresh/core/2.2.0/src/build_cache.ts
#9 5.822 [0m[32mDownload[0m https://jsr.io/@fresh/core/2.2.0/src/constants.ts
#9 5.822 [0m[32mDownload[0m https://jsr.io/@fresh/core/2.2.0/src/dev/fs_crawl.ts
#9 5.822 [0m[32mDownload[0m https://jsr.io/@fresh/core/2.2.0/src/fs.ts
#9 5.822 [0m[32mDownload[0m https://jsr.io/@fresh/core/2.2.0/src/dev/dev_build_cache.ts
#9 5.822 [0m[32mDownload[0m https://jsr.io/@fresh/core/2.2.0/src/utils.ts
#9 5.822 [0m[32mDownload[0m https://jsr.io/@fresh/core/2.2.0/src/dev/update_check.ts
#9 5.822 [0m[32mDownload[0m https://jsr.io/@fresh/plugin-vite/1.0.8/src/utils.ts
#9 5.822 [0m[32mDownload[0m https://jsr.io/@fresh/plugin-vite/1.0.8/src/plugins/deno.ts
#9 5.822 [0m[32mDownload[0m https://jsr.io/@fresh/plugin-vite/1.0.8/src/plugins/server_entry.ts
#9 5.822 [0m[32mDownload[0m https://jsr.io/@fresh/plugin-vite/1.0.8/src/plugins/client_entry.ts
#9 5.822 [0m[32mDownload[0m https://jsr.io/@fresh/plugin-vite/1.0.8/src/plugins/dev_server.ts
#9 5.822 [0m[32mDownload[0m https://jsr.io/@fresh/plugin-vite/1.0.8/src/plugins/build_id.ts
#9 5.822 [0m[32mDownload[0m https://jsr.io/@fresh/plugin-vite/1.0.8/src/plugins/client_snapshot.ts
#9 5.822 [0m[32mDownload[0m https://jsr.io/@fresh/plugin-vite/1.0.8/src/plugins/server_snapshot.ts
#9 5.822 [0m[32mDownload[0m https://jsr.io/@fresh/plugin-vite/1.0.8/src/plugins/patches.ts
#9 5.822 [0m[32mDownload[0m https://jsr.io/@fresh/plugin-vite/1.0.8/src/plugins/verify_imports.ts
#9 5.822 [0m[32mDownload[0m https://jsr.io/@fresh/plugin-vite/1.0.8/src/shared.ts
#9 5.822 [0m[32mDownload[0m https://jsr.io/@fresh/core/2.2.0/src/segments.ts
#9 5.822 [0m[32mDownload[0m https://jsr.io/@fresh/core/2.2.0/src/commands.ts
#9 5.822 [0m[32mDownload[0m https://jsr.io/@fresh/core/2.2.0/src/test_utils.ts
#9 5.822 [0m[32mDownload[0m https://jsr.io/@fresh/core/2.2.0/src/otel.ts
#9 5.822 [0m[32mDownload[0m https://jsr.io/@fresh/core/2.2.0/src/runtime/server/preact_hooks.ts
#9 5.822 [0m[32mDownload[0m https://jsr.io/@fresh/core/2.2.0/src/jsonify/parse.ts
#9 5.822 [0m[32mDownload[0m https://jsr.io/@fresh/core/2.2.0/src/dev/esbuild.ts
#9 5.822 [0m[32mDownload[0m https://jsr.io/@fresh/core/2.2.0/src/dev/middlewares/live_reload.ts
#9 5.822 [0m[32mDownload[0m https://jsr.io/@fresh/core/2.2.0/src/dev/middlewares/error_overlay/middleware.tsx
#9 5.822 [0m[32mDownload[0m https://jsr.io/@fresh/core/2.2.0/src/dev/middlewares/automatic_workspace_folders.ts
#9 5.822 [0m[32mDownload[0m https://jsr.io/@fresh/core/2.2.0/src/dev/check.ts
#9 5.822 [0m[32mDownload[0m https://jsr.io/@fresh/core/2.2.0/src/fs_routes.ts
#9 5.822 [0m[32mDownload[0m https://jsr.io/@fresh/core/2.2.0/src/file_url.ts
#9 5.822 [0m[32mDownload[0m https://jsr.io/@fresh/plugin-vite/1.0.8/src/plugins/patches/http_absolute.ts
#9 5.822 [0m[32mDownload[0m https://jsr.io/@fresh/plugin-vite/1.0.8/src/plugins/patches/commonjs.ts
#9 5.822 [0m[32mDownload[0m https://jsr.io/@fresh/plugin-vite/1.0.8/src/plugins/patches/jsx_comment.ts
#9 5.822 [0m[32mDownload[0m https://jsr.io/@fresh/plugin-vite/1.0.8/src/plugins/patches/inline_env_vars.ts
#9 5.822 [0m[32mDownload[0m https://jsr.io/@fresh/plugin-vite/1.0.8/src/plugins/patches/remove_polyfills.ts
#9 5.822 [0m[32mDownload[0m https://jsr.io/@fresh/plugin-vite/1.0.8/src/plugins/patches/code_eval.ts
#9 5.822 [0m[32mDownload[0m https://jsr.io/@fresh/core/2.2.0/src/jsonify/stringify.ts
#9 5.822 [0m[32mDownload[0m https://jsr.io/@fresh/core/2.2.0/src/dev/middlewares/error_overlay/code_frame.ts
#9 5.822 [0m[32mDownload[0m https://jsr.io/@fresh/core/2.2.0/src/jsonify/constants.ts
#9 5.822 [0m[32mDownload[0m https://jsr.io/@fresh/core/2.2.0/src/dev/middlewares/error_overlay/overlay.tsx
#9 5.823 [0m[32mDownload[0m https://jsr.io/@fresh/build-id/1.0.1/mod.ts
#9 5.823 [0m[32mDownload[0m https://jsr.io/@std/path/1.1.4/mod.ts
#9 5.823 [0m[32mDownload[0m https://jsr.io/@std/dotenv/0.225.6/mod.ts
#9 5.823 [0m[32mDownload[0m https://jsr.io/@std/fmt/1.0.9/colors.ts
#9 5.823 [0m[32mDownload[0m https://jsr.io/@std/http/1.0.23/status.ts
#9 5.823 [0m[32mDownload[0m https://jsr.io/@std/fs/1.0.21/walk.ts
#9 5.823 [0m[32mDownload[0m https://jsr.io/@std/path/1.1.4/windows/mod.ts
#9 5.823 [0m[32mDownload[0m https://jsr.io/@std/encoding/1.0.10/hex.ts
#9 5.823 [0m[32mDownload[0m https://jsr.io/@std/media-types/1.1.0/content_type.ts
#9 5.823 [0m[32mDownload[0m https://jsr.io/@std/semver/1.0.8/mod.ts
#9 5.823 [0m[32mDownload[0m https://jsr.io/@deno/loader/0.3.11/src/mod.ts
#9 5.823 [0m[32mDownload[0m https://jsr.io/@std/html/1.0.5/mod.ts
#9 5.823 [0m[32mDownload[0m https://jsr.io/@deno/esbuild-plugin/1.2.1/src/mod.ts
#9 5.823 [0m[32mDownload[0m https://jsr.io/@std/http/1.0.23/etag.ts
#9 5.823 [0m[32mDownload[0m https://jsr.io/@std/uuid/1.1.0/v5.ts
#9 5.823 [0m[32mDownload[0m https://jsr.io/@std/uuid/1.1.0/constants.ts
#9 5.823 [0m[32mDownload[0m https://jsr.io/@std/jsonc/1.0.2/mod.ts
#9 5.823 [0m[32mDownload[0m https://jsr.io/@std/path/1.1.4/posix/mod.ts
#9 5.823 [0m[32mDownload[0m https://jsr.io/@std/path/1.1.4/basename.ts
#9 5.823 [0m[32mDownload[0m https://jsr.io/@std/path/1.1.4/constants.ts
#9 5.823 [0m[32mDownload[0m https://jsr.io/@std/path/1.1.4/dirname.ts
#9 5.823 [0m[32mDownload[0m https://jsr.io/@std/path/1.1.4/extname.ts
#9 5.823 [0m[32mDownload[0m https://jsr.io/@std/path/1.1.4/format.ts
#9 5.823 [0m[32mDownload[0m https://jsr.io/@std/path/1.1.4/from_file_url.ts
#9 5.823 [0m[32mDownload[0m https://jsr.io/@std/path/1.1.4/is_absolute.ts
#9 5.823 [0m[32mDownload[0m https://jsr.io/@std/path/1.1.4/join.ts
#9 5.823 [0m[32mDownload[0m https://jsr.io/@std/path/1.1.4/normalize.ts
#9 5.823 [0m[32mDownload[0m https://jsr.io/@std/path/1.1.4/parse.ts
#9 5.823 [0m[32mDownload[0m https://jsr.io/@std/path/1.1.4/relative.ts
#9 5.823 [0m[32mDownload[0m https://jsr.io/@std/path/1.1.4/resolve.ts
#9 5.823 [0m[32mDownload[0m https://jsr.io/@std/path/1.1.4/to_file_url.ts
#9 5.823 [0m[32mDownload[0m https://jsr.io/@std/path/1.1.4/to_namespaced_path.ts
#9 5.823 [0m[32mDownload[0m https://jsr.io/@std/path/1.1.4/common.ts
#9 5.823 [0m[32mDownload[0m https://jsr.io/@std/path/1.1.4/types.ts
#9 5.823 [0m[32mDownload[0m https://jsr.io/@std/path/1.1.4/glob_to_regexp.ts
#9 5.823 [0m[32mDownload[0m https://jsr.io/@std/path/1.1.4/is_glob.ts
#9 5.823 [0m[32mDownload[0m https://jsr.io/@std/path/1.1.4/join_globs.ts
#9 5.823 [0m[32mDownload[0m https://jsr.io/@std/path/1.1.4/normalize_glob.ts
#9 5.823 [0m[32mDownload[0m https://jsr.io/@std/dotenv/0.225.6/parse.ts
#9 5.823 [0m[32mDownload[0m https://jsr.io/@std/dotenv/0.225.6/stringify.ts
#9 5.823 [0m[32mDownload[0m https://jsr.io/@std/fs/1.0.21/_to_path_string.ts
#9 5.823 [0m[32mDownload[0m https://jsr.io/@std/fs/1.0.21/_create_walk_entry.ts
#9 5.823 [0m[32mDownload[0m https://jsr.io/@std/path/1.1.4/windows/basename.ts
#9 5.823 [0m[32mDownload[0m https://jsr.io/@std/path/1.1.4/windows/constants.ts
#9 5.823 [0m[32mDownload[0m https://jsr.io/@std/path/1.1.4/windows/dirname.ts
#9 5.823 [0m[32mDownload[0m https://jsr.io/@std/path/1.1.4/windows/extname.ts
#9 5.823 [0m[32mDownload[0m https://jsr.io/@std/path/1.1.4/windows/format.ts
#9 5.823 [0m[32mDownload[0m https://jsr.io/@std/path/1.1.4/windows/from_file_url.ts
#9 5.823 [0m[32mDownload[0m https://jsr.io/@std/path/1.1.4/windows/is_absolute.ts
#9 5.823 [0m[32mDownload[0m https://jsr.io/@std/path/1.1.4/windows/join.ts
#9 5.823 [0m[32mDownload[0m https://jsr.io/@std/path/1.1.4/windows/normalize.ts
#9 5.823 [0m[32mDownload[0m https://jsr.io/@std/path/1.1.4/windows/parse.ts
#9 5.823 [0m[32mDownload[0m https://jsr.io/@std/path/1.1.4/windows/relative.ts
#9 5.823 [0m[32mDownload[0m https://jsr.io/@std/path/1.1.4/windows/resolve.ts
#9 5.823 [0m[32mDownload[0m https://jsr.io/@std/path/1.1.4/windows/to_file_url.ts
#9 5.823 [0m[32mDownload[0m https://jsr.io/@std/path/1.1.4/windows/to_namespaced_path.ts
#9 5.823 [0m[32mDownload[0m https://jsr.io/@std/path/1.1.4/windows/common.ts
#9 5.823 [0m[32mDownload[0m https://jsr.io/@std/path/1.1.4/windows/glob_to_regexp.ts
#9 5.823 [0m[32mDownload[0m https://jsr.io/@std/path/1.1.4/windows/is_glob.ts
#9 5.823 [0m[32mDownload[0m https://jsr.io/@std/path/1.1.4/windows/join_globs.ts
#9 5.823 [0m[32mDownload[0m https://jsr.io/@std/path/1.1.4/windows/normalize_glob.ts
#9 5.824 [0m[32mDownload[0m https://jsr.io/@std/encoding/1.0.10/_common16.ts
#9 5.824 [0m[32mDownload[0m https://jsr.io/@std/encoding/1.0.10/_common_detach.ts
#9 5.824 [0m[32mDownload[0m https://jsr.io/@std/encoding/1.0.10/_types.ts
#9 5.824 [0m[32mDownload[0m https://jsr.io/@std/media-types/1.1.0/parse_media_type.ts
#9 5.824 [0m[32mDownload[0m https://jsr.io/@std/media-types/1.1.0/get_charset.ts
#9 5.824 [0m[32mDownload[0m https://jsr.io/@std/media-types/1.1.0/format_media_type.ts
#9 5.824 [0m[32mDownload[0m https://jsr.io/@std/media-types/1.1.0/_db.ts
#9 5.824 [0m[32mDownload[0m https://jsr.io/@std/media-types/1.1.0/type_by_extension.ts
#9 5.824 [0m[32mDownload[0m https://jsr.io/@std/semver/1.0.8/compare.ts
#9 5.824 [0m[32mDownload[0m https://jsr.io/@std/semver/1.0.8/difference.ts
#9 5.824 [0m[32mDownload[0m https://jsr.io/@std/semver/1.0.8/format.ts
#9 5.824 [0m[32mDownload[0m https://jsr.io/@std/semver/1.0.8/satisfies.ts
#9 5.824 [0m[32mDownload[0m https://jsr.io/@std/semver/1.0.8/increment.ts
#9 5.824 [0m[32mDownload[0m https://jsr.io/@std/semver/1.0.8/is_semver.ts
#9 5.824 [0m[32mDownload[0m https://jsr.io/@std/semver/1.0.8/max_satisfying.ts
#9 5.824 [0m[32mDownload[0m https://jsr.io/@std/semver/1.0.8/min_satisfying.ts
#9 5.824 [0m[32mDownload[0m https://jsr.io/@std/semver/1.0.8/parse_range.ts
#9 5.824 [0m[32mDownload[0m https://jsr.io/@std/semver/1.0.8/parse.ts
#9 5.824 [0m[32mDownload[0m https://jsr.io/@std/semver/1.0.8/range_intersects.ts
#9 5.824 [0m[32mDownload[0m https://jsr.io/@std/semver/1.0.8/types.ts
#9 5.824 [0m[32mDownload[0m https://jsr.io/@std/semver/1.0.8/try_parse_range.ts
#9 5.824 [0m[32mDownload[0m https://jsr.io/@std/semver/1.0.8/is_range.ts
#9 5.824 [0m[32mDownload[0m https://jsr.io/@std/semver/1.0.8/can_parse.ts
#9 5.824 [0m[32mDownload[0m https://jsr.io/@std/semver/1.0.8/try_parse.ts
#9 5.824 [0m[32mDownload[0m https://jsr.io/@std/semver/1.0.8/format_range.ts
#9 5.824 [0m[32mDownload[0m https://jsr.io/@std/semver/1.0.8/equals.ts
#9 5.824 [0m[32mDownload[0m https://jsr.io/@std/semver/1.0.8/not_equals.ts
#9 5.824 [0m[32mDownload[0m https://jsr.io/@std/semver/1.0.8/greater_than.ts
#9 5.824 [0m[32mDownload[0m https://jsr.io/@std/semver/1.0.8/greater_than_range.ts
#9 5.824 [0m[32mDownload[0m https://jsr.io/@std/semver/1.0.8/greater_or_equal.ts
#9 5.824 [0m[32mDownload[0m https://jsr.io/@std/semver/1.0.8/less_than.ts
#9 5.824 [0m[32mDownload[0m https://jsr.io/@std/semver/1.0.8/less_than_range.ts
#9 5.824 [0m[32mDownload[0m https://jsr.io/@std/semver/1.0.8/less_or_equal.ts
#9 5.824 [0m[32mDownload[0m https://jsr.io/@deno/loader/0.3.11/src/lib/rs_lib.js
#9 5.824 [0m[32mDownload[0m https://jsr.io/@std/html/1.0.5/entities.ts
#9 5.824 [0m[32mDownload[0m https://jsr.io/@deno/esbuild-plugin/1.2.1/src/plugin.ts
#9 5.824 [0m[32mDownload[0m https://jsr.io/@std/uuid/1.1.0/_common.ts
#9 5.824 [0m[32mDownload[0m https://jsr.io/@std/uuid/1.1.0/common.ts
#9 5.824 [0m[32mDownload[0m https://jsr.io/@std/jsonc/1.0.2/parse.ts
#9 5.824 [0m[32mDownload[0m https://jsr.io/@std/path/1.1.4/posix/basename.ts
#9 5.824 [0m[32mDownload[0m https://jsr.io/@std/path/1.1.4/posix/constants.ts
#9 5.824 [0m[32mDownload[0m https://jsr.io/@std/path/1.1.4/posix/dirname.ts
#9 5.824 [0m[32mDownload[0m https://jsr.io/@std/path/1.1.4/posix/extname.ts
#9 5.824 [0m[32mDownload[0m https://jsr.io/@std/path/1.1.4/posix/format.ts
#9 5.824 [0m[32mDownload[0m https://jsr.io/@std/path/1.1.4/posix/from_file_url.ts
#9 5.824 [0m[32mDownload[0m https://jsr.io/@std/path/1.1.4/posix/is_absolute.ts
#9 5.824 [0m[32mDownload[0m https://jsr.io/@std/path/1.1.4/posix/join.ts
#9 5.824 [0m[32mDownload[0m https://jsr.io/@std/path/1.1.4/posix/normalize.ts
#9 5.824 [0m[32mDownload[0m https://jsr.io/@std/path/1.1.4/posix/parse.ts
#9 5.824 [0m[32mDownload[0m https://jsr.io/@std/path/1.1.4/posix/relative.ts
#9 5.824 [0m[32mDownload[0m https://jsr.io/@std/path/1.1.4/posix/resolve.ts
#9 5.824 [0m[32mDownload[0m https://jsr.io/@std/path/1.1.4/posix/to_file_url.ts
#9 5.824 [0m[32mDownload[0m https://jsr.io/@std/path/1.1.4/posix/to_namespaced_path.ts
#9 5.824 [0m[32mDownload[0m https://jsr.io/@std/path/1.1.4/posix/common.ts
#9 5.824 [0m[32mDownload[0m https://jsr.io/@std/path/1.1.4/posix/glob_to_regexp.ts
#9 5.824 [0m[32mDownload[0m https://jsr.io/@std/path/1.1.4/posix/is_glob.ts
#9 5.824 [0m[32mDownload[0m https://jsr.io/@std/path/1.1.4/posix/join_globs.ts
#9 5.824 [0m[32mDownload[0m https://jsr.io/@std/path/1.1.4/posix/normalize_glob.ts
#9 5.824 [0m[32mDownload[0m https://jsr.io/@std/path/1.1.4/_common/common.ts
#9 5.824 [0m[32mDownload[0m https://jsr.io/@std/path/1.1.4/_common/glob_to_reg_exp.ts
#9 5.824 [0m[32mDownload[0m https://jsr.io/@std/path/1.1.4/_common/basename.ts
#9 5.824 [0m[32mDownload[0m https://jsr.io/@std/path/1.1.4/_common/constants.ts
#9 5.824 [0m[32mDownload[0m https://jsr.io/@std/path/1.1.4/_common/strip_trailing_separators.ts
#9 5.824 [0m[32mDownload[0m https://jsr.io/@std/path/1.1.4/windows/_util.ts
#9 5.824 [0m[32mDownload[0m https://jsr.io/@std/path/1.1.4/_common/dirname.ts
#9 5.824 [0m[32mDownload[0m https://jsr.io/@std/path/1.1.4/_common/assert_path.ts
#9 5.824 [0m[32mDownload[0m https://jsr.io/@std/path/1.1.4/_common/format.ts
#9 5.824 [0m[32mDownload[0m https://jsr.io/@std/path/1.1.4/_common/from_file_url.ts
#9 5.824 [0m[32mDownload[0m https://jsr.io/@std/path/1.1.4/_common/normalize.ts
#9 5.824 [0m[32mDownload[0m https://jsr.io/@std/path/1.1.4/_common/normalize_string.ts
#9 5.824 [0m[32mDownload[0m https://jsr.io/@std/path/1.1.4/_common/relative.ts
#9 5.824 [0m[32mDownload[0m https://jsr.io/@std/path/1.1.4/_common/to_file_url.ts
#9 5.824 [0m[32mDownload[0m https://jsr.io/@std/media-types/1.1.0/_util.ts
#9 5.824 [0m[32mDownload[0m https://jsr.io/@std/media-types/1.1.0/vendor/db.ts
#9 5.824 [0m[32mDownload[0m https://jsr.io/@std/semver/1.0.8/_shared.ts
#9 5.824 [0m[32mDownload[0m https://jsr.io/@std/semver/1.0.8/_test_comparator_set.ts
#9 5.824 [0m[32mDownload[0m https://jsr.io/@std/semver/1.0.8/_constants.ts
#9 5.824 [0m[32mDownload[0m https://jsr.io/@deno/loader/0.3.11/src/lib/rs_lib.wasm
#9 5.825 [0m[32mDownload[0m https://jsr.io/@deno/loader/0.3.11/src/lib/rs_lib.internal.js
#9 5.825 [0m[32mDownload[0m https://jsr.io/@deno/loader/0.3.11/src/lib/rs_lib.d.ts
#9 5.825 [0m[32mDownload[0m https://jsr.io/@std/path/1.1.4/posix/_util.ts
#9 5.825 [0m[32mDownload[0m https://jsr.io/@deno/loader/0.3.11/src/lib/snippets/rs_lib-aa8c88480f363a4a/helpers.js
#9 5.825 [0m[32mDownload[0m https://jsr.io/@deno/loader/0.3.11/src/lib/snippets/sys_traits-c0cdd403b06dc0dc/inline0.js
#9 5.825 [0m[32mDownload[0m https://jsr.io/@std/encoding/1.0.10/base64.ts
#9 5.825 [0m[32mDownload[0m https://jsr.io/@std/bytes/1.0.6/concat.ts
#9 5.825 [0m[32mDownload[0m https://jsr.io/@std/internal/1.0.12/os.ts
#9 5.825 [0m[32mDownload[0m https://jsr.io/@std/json/1.0.2/types.ts
#9 5.825 [0m[32mDownload[0m https://jsr.io/@std/encoding/1.0.10/_common64.ts
#9 5.825 [0m[32mDownload[0m https://jsr.io/@std/bytes/1.0.6/_types.ts
#9 5.825 [0m[32mDownload[0m https://jsr.io/@std/internal/1.0.12/_os.ts
#9 6.714 [0m[32mDownload[0m https://registry.npmjs.org/tailwindcss/-/tailwindcss-4.1.18.tgz
#9 6.714 [0m[32mDownload[0m https://registry.npmjs.org/@babel/preset-react/-/preset-react-7.28.5.tgz
#9 6.714 [0m[32mDownload[0m https://registry.npmjs.org/@opentelemetry/api/-/api-1.9.0.tgz
#9 6.714 [0m[32mDownload[0m https://registry.npmjs.org/esbuild-wasm/-/esbuild-wasm-0.25.12.tgz
#9 6.714 [0m[32mDownload[0m https://registry.npmjs.org/preact-render-to-string/-/preact-render-to-string-6.6.5.tgz
#9 6.714 [0m[32mDownload[0m https://registry.npmjs.org/vite/-/vite-7.3.1.tgz
#9 6.714 [0m[32mDownload[0m https://registry.npmjs.org/@microsoft/signalr/-/signalr-8.0.17.tgz
#9 6.714 [0m[32mDownload[0m https://registry.npmjs.org/@prefresh/vite/-/vite-2.4.11.tgz
#9 6.714 [0m[32mDownload[0m https://registry.npmjs.org/zod/-/zod-3.25.76.tgz
#9 6.714 [0m[32mDownload[0m https://registry.npmjs.org/rollup/-/rollup-4.57.1.tgz
#9 6.714 [0m[32mDownload[0m https://registry.npmjs.org/@preact/signals/-/signals-2.8.2.tgz
#9 6.714 [0m[32mDownload[0m https://registry.npmjs.org/@mjackson/node-fetch-server/-/node-fetch-server-0.7.0.tgz
#9 6.714 [0m[32mDownload[0m https://registry.npmjs.org/esbuild/-/esbuild-0.25.7.tgz
#9 6.714 [0m[32mDownload[0m https://registry.npmjs.org/@babel/core/-/core-7.29.0.tgz
#9 6.714 [0m[32mDownload[0m https://registry.npmjs.org/preact/-/preact-10.28.3.tgz
#9 6.714 [0m[32mDownload[0m https://registry.npmjs.org/esbuild/-/esbuild-0.25.12.tgz
#9 6.714 [0m[32mDownload[0m https://registry.npmjs.org/@tailwindcss/vite/-/vite-4.1.18.tgz
#9 6.714 [0m[32mDownload[0m https://registry.npmjs.org/@babel/plugin-transform-react-jsx/-/plugin-transform-react-jsx-7.28.6.tgz
#9 6.714 [0m[32mDownload[0m https://registry.npmjs.org/@babel/plugin-transform-react-pure-annotations/-/plugin-transform-react-pure-annotations-7.27.1.tgz
#9 6.715 [0m[32mDownload[0m https://registry.npmjs.org/@babel/plugin-transform-react-jsx-development/-/plugin-transform-react-jsx-development-7.27.1.tgz
#9 6.715 [0m[32mDownload[0m https://registry.npmjs.org/@babel/helper-plugin-utils/-/helper-plugin-utils-7.28.6.tgz
#9 6.715 [0m[32mDownload[0m https://registry.npmjs.org/@babel/helper-validator-option/-/helper-validator-option-7.27.1.tgz
#9 6.715 [0m[32mDownload[0m https://registry.npmjs.org/@babel/plugin-transform-react-display-name/-/plugin-transform-react-display-name-7.28.0.tgz
#9 6.715 [0m[32mDownload[0m https://registry.npmjs.org/fdir/-/fdir-6.5.0.tgz
#9 6.715 [0m[32mDownload[0m https://registry.npmjs.org/esbuild/-/esbuild-0.27.3.tgz
#9 6.715 [0m[32mDownload[0m https://registry.npmjs.org/postcss/-/postcss-8.5.6.tgz
#9 6.715 [0m[32mDownload[0m https://registry.npmjs.org/picomatch/-/picomatch-4.0.3.tgz
#9 6.715 [0m[32mDownload[0m https://registry.npmjs.org/tinyglobby/-/tinyglobby-0.2.15.tgz
#9 6.715 [0m[32mDownload[0m https://registry.npmjs.org/eventsource/-/eventsource-2.0.2.tgz
#9 6.715 [0m[32mDownload[0m https://registry.npmjs.org/ws/-/ws-7.5.10.tgz
#9 6.715 [0m[32mDownload[0m https://registry.npmjs.org/abort-controller/-/abort-controller-3.0.0.tgz
#9 6.715 [0m[32mDownload[0m https://registry.npmjs.org/node-fetch/-/node-fetch-2.7.0.tgz
#9 6.715 [0m[32mDownload[0m https://registry.npmjs.org/fetch-cookie/-/fetch-cookie-2.2.0.tgz
#9 6.715 [0m[32mDownload[0m https://registry.npmjs.org/@prefresh/babel-plugin/-/babel-plugin-0.5.2.tgz
#9 6.715 [0m[32mDownload[0m https://registry.npmjs.org/@prefresh/core/-/core-1.5.9.tgz
#9 6.715 [0m[32mDownload[0m https://registry.npmjs.org/@rollup/pluginutils/-/pluginutils-4.2.1.tgz
#9 6.715 [0m[32mDownload[0m https://registry.npmjs.org/@prefresh/utils/-/utils-1.2.1.tgz
#9 6.715 [0m[32mDownload[0m https://registry.npmjs.org/@rollup/rollup-linux-x64-musl/-/rollup-linux-x64-musl-4.57.1.tgz
#9 6.715 [0m[32mDownload[0m https://registry.npmjs.org/@types/estree/-/estree-1.0.8.tgz
#9 6.715 [0m[32mDownload[0m https://registry.npmjs.org/@rollup/rollup-linux-x64-gnu/-/rollup-linux-x64-gnu-4.57.1.tgz
#9 6.715 [0m[32mDownload[0m https://registry.npmjs.org/@preact/signals-core/-/signals-core-1.14.0.tgz
#9 6.715 [0m[32mDownload[0m https://registry.npmjs.org/@esbuild/linux-x64/-/linux-x64-0.25.7.tgz
#9 6.715 [0m[32mDownload[0m https://registry.npmjs.org/@babel/helper-compilation-targets/-/helper-compilation-targets-7.28.6.tgz
#9 6.715 [0m[32mDownload[0m https://registry.npmjs.org/@babel/template/-/template-7.28.6.tgz
#9 6.715 [0m[32mDownload[0m https://registry.npmjs.org/@babel/helper-module-transforms/-/helper-module-transforms-7.28.6.tgz
#9 6.715 [0m[32mDownload[0m https://registry.npmjs.org/debug/-/debug-4.4.3.tgz
#9 6.715 [0m[32mDownload[0m https://registry.npmjs.org/@jridgewell/remapping/-/remapping-2.3.5.tgz
#9 6.715 [0m[32mDownload[0m https://registry.npmjs.org/gensync/-/gensync-1.0.0-beta.2.tgz
#9 6.715 [0m[32mDownload[0m https://registry.npmjs.org/@babel/helpers/-/helpers-7.28.6.tgz
#9 6.715 [0m[32mDownload[0m https://registry.npmjs.org/@babel/generator/-/generator-7.29.1.tgz
#9 6.715 [0m[32mDownload[0m https://registry.npmjs.org/@babel/traverse/-/traverse-7.29.0.tgz
#9 6.715 [0m[32mDownload[0m https://registry.npmjs.org/@babel/types/-/types-7.29.0.tgz
#9 6.715 [0m[32mDownload[0m https://registry.npmjs.org/semver/-/semver-6.3.1.tgz
#9 6.715 [0m[32mDownload[0m https://registry.npmjs.org/convert-source-map/-/convert-source-map-2.0.0.tgz
#9 6.715 [0m[32mDownload[0m https://registry.npmjs.org/@babel/code-frame/-/code-frame-7.29.0.tgz
#9 6.715 [0m[32mDownload[0m https://registry.npmjs.org/json5/-/json5-2.2.3.tgz
#9 6.715 [0m[32mDownload[0m https://registry.npmjs.org/@babel/parser/-/parser-7.29.0.tgz
#9 6.715 [0m[32mDownload[0m https://registry.npmjs.org/@esbuild/linux-x64/-/linux-x64-0.25.12.tgz
#9 6.715 [0m[32mDownload[0m https://registry.npmjs.org/@tailwindcss/oxide/-/oxide-4.1.18.tgz
#9 6.715 [0m[32mDownload[0m https://registry.npmjs.org/@tailwindcss/node/-/node-4.1.18.tgz
#9 6.715 [0m[32mDownload[0m https://registry.npmjs.org/@babel/plugin-syntax-jsx/-/plugin-syntax-jsx-7.28.6.tgz
#9 6.715 [0m[32mDownload[0m https://registry.npmjs.org/@babel/helper-module-imports/-/helper-module-imports-7.28.6.tgz
#9 6.715 [0m[32mDownload[0m https://registry.npmjs.org/@babel/helper-annotate-as-pure/-/helper-annotate-as-pure-7.27.3.tgz
#9 6.715 [0m[32mDownload[0m https://registry.npmjs.org/@esbuild/linux-x64/-/linux-x64-0.27.3.tgz
#9 6.715 [0m[32mDownload[0m https://registry.npmjs.org/nanoid/-/nanoid-3.3.11.tgz
#9 6.715 [0m[32mDownload[0m https://registry.npmjs.org/picocolors/-/picocolors-1.1.1.tgz
#9 6.715 [0m[32mDownload[0m https://registry.npmjs.org/source-map-js/-/source-map-js-1.2.1.tgz
#9 6.715 [0m[32mDownload[0m https://registry.npmjs.org/event-target-shim/-/event-target-shim-5.0.1.tgz
#9 6.715 [0m[32mDownload[0m https://registry.npmjs.org/whatwg-url/-/whatwg-url-5.0.0.tgz
#9 6.715 [0m[32mDownload[0m https://registry.npmjs.org/set-cookie-parser/-/set-cookie-parser-2.7.2.tgz
#9 6.715 [0m[32mDownload[0m https://registry.npmjs.org/tough-cookie/-/tough-cookie-4.1.4.tgz
#9 6.715 [0m[32mDownload[0m https://registry.npmjs.org/estree-walker/-/estree-walker-2.0.2.tgz
#9 6.715 [0m[32mDownload[0m https://registry.npmjs.org/picomatch/-/picomatch-2.3.1.tgz
#9 6.715 [0m[32mDownload[0m https://registry.npmjs.org/browserslist/-/browserslist-4.28.1.tgz
#9 6.715 [0m[32mDownload[0m https://registry.npmjs.org/@babel/compat-data/-/compat-data-7.29.0.tgz
#9 6.715 [0m[32mDownload[0m https://registry.npmjs.org/lru-cache/-/lru-cache-5.1.1.tgz
#9 6.715 [0m[32mDownload[0m https://registry.npmjs.org/@babel/helper-validator-identifier/-/helper-validator-identifier-7.28.5.tgz
#9 6.715 [0m[32mDownload[0m https://registry.npmjs.org/ms/-/ms-2.1.3.tgz
#9 6.715 [0m[32mDownload[0m https://registry.npmjs.org/@jridgewell/gen-mapping/-/gen-mapping-0.3.13.tgz
#9 6.715 [0m[32mDownload[0m https://registry.npmjs.org/@jridgewell/trace-mapping/-/trace-mapping-0.3.31.tgz
#9 6.715 [0m[32mDownload[0m https://registry.npmjs.org/jsesc/-/jsesc-3.1.0.tgz
#9 6.715 [0m[32mDownload[0m https://registry.npmjs.org/@babel/helper-globals/-/helper-globals-7.28.0.tgz
#9 6.715 [0m[32mDownload[0m https://registry.npmjs.org/@babel/helper-string-parser/-/helper-string-parser-7.27.1.tgz
#9 6.715 [0m[32mDownload[0m https://registry.npmjs.org/js-tokens/-/js-tokens-4.0.0.tgz
#9 6.715 [0m[32mDownload[0m https://registry.npmjs.org/@tailwindcss/oxide-linux-x64-gnu/-/oxide-linux-x64-gnu-4.1.18.tgz
#9 6.715 [0m[32mDownload[0m https://registry.npmjs.org/@tailwindcss/oxide-linux-x64-musl/-/oxide-linux-x64-musl-4.1.18.tgz
#9 6.715 [0m[32mDownload[0m https://registry.npmjs.org/jiti/-/jiti-2.6.1.tgz
#9 6.715 [0m[32mDownload[0m https://registry.npmjs.org/magic-string/-/magic-string-0.30.21.tgz
#9 6.715 [0m[32mDownload[0m https://registry.npmjs.org/enhanced-resolve/-/enhanced-resolve-5.19.0.tgz
#9 6.715 [0m[32mDownload[0m https://registry.npmjs.org/lightningcss/-/lightningcss-1.30.2.tgz
#9 6.715 [0m[32mDownload[0m https://registry.npmjs.org/webidl-conversions/-/webidl-conversions-3.0.1.tgz
#9 6.715 [0m[32mDownload[0m https://registry.npmjs.org/tr46/-/tr46-0.0.3.tgz
#9 6.715 [0m[32mDownload[0m https://registry.npmjs.org/psl/-/psl-1.15.0.tgz
#9 6.715 [0m[32mDownload[0m https://registry.npmjs.org/punycode/-/punycode-2.3.1.tgz
#9 6.715 [0m[32mDownload[0m https://registry.npmjs.org/universalify/-/universalify-0.2.0.tgz
#9 6.715 [0m[32mDownload[0m https://registry.npmjs.org/url-parse/-/url-parse-1.5.10.tgz
#9 6.716 [0m[32mDownload[0m https://registry.npmjs.org/caniuse-lite/-/caniuse-lite-1.0.30001769.tgz
#9 6.716 [0m[32mDownload[0m https://registry.npmjs.org/node-releases/-/node-releases-2.0.27.tgz
#9 6.716 [0m[32mDownload[0m https://registry.npmjs.org/baseline-browser-mapping/-/baseline-browser-mapping-2.9.19.tgz
#9 6.716 [0m[32mDownload[0m https://registry.npmjs.org/update-browserslist-db/-/update-browserslist-db-1.2.3.tgz
#9 6.716 [0m[32mDownload[0m https://registry.npmjs.org/electron-to-chromium/-/electron-to-chromium-1.5.286.tgz
#9 6.716 [0m[32mDownload[0m https://registry.npmjs.org/yallist/-/yallist-3.1.1.tgz
#9 6.716 [0m[32mDownload[0m https://registry.npmjs.org/@jridgewell/sourcemap-codec/-/sourcemap-codec-1.5.5.tgz
#9 6.716 [0m[32mDownload[0m https://registry.npmjs.org/@jridgewell/resolve-uri/-/resolve-uri-3.1.2.tgz
#9 6.716 [0m[32mDownload[0m https://registry.npmjs.org/tapable/-/tapable-2.3.0.tgz
#9 6.716 [0m[32mDownload[0m https://registry.npmjs.org/graceful-fs/-/graceful-fs-4.2.11.tgz
#9 6.716 [0m[32mDownload[0m https://registry.npmjs.org/detect-libc/-/detect-libc-2.1.2.tgz
#9 6.716 [0m[32mDownload[0m https://registry.npmjs.org/lightningcss-linux-x64-gnu/-/lightningcss-linux-x64-gnu-1.30.2.tgz
#9 6.716 [0m[32mDownload[0m https://registry.npmjs.org/lightningcss-linux-x64-musl/-/lightningcss-linux-x64-musl-1.30.2.tgz
#9 6.716 [0m[32mDownload[0m https://registry.npmjs.org/querystringify/-/querystringify-2.2.0.tgz
#9 6.716 [0m[32mDownload[0m https://registry.npmjs.org/requires-port/-/requires-port-1.0.0.tgz
#9 6.716 [0m[32mDownload[0m https://registry.npmjs.org/escalade/-/escalade-3.2.0.tgz
#9 7.698 [0m[32mInitialize[0m @babel/preset-react@7.28.5
#9 7.700 [0m[32mInitialize[0m tailwindcss@4.1.18
#9 7.720 [0m[32mInitialize[0m abort-controller@3.0.0
#9 7.729 [0m[32mInitialize[0m @babel/plugin-transform-react-pure-annotations@7.27.1
#9 7.729 [0m[32mInitialize[0m esbuild@0.25.12
#9 7.731 [0m[32mInitialize[0m esbuild@0.25.7
#9 7.733 [0m[32mInitialize[0m esbuild@0.27.3
#9 7.736 [0m[32mInitialize[0m fdir@6.5.0
#9 7.738 [0m[32mInitialize[0m ws@7.5.10
#9 7.802 [0m[32mInitialize[0m preact-render-to-string@6.6.5
#9 7.803 [0m[32mInitialize[0m fetch-cookie@2.2.0
#9 7.820 [0m[32mInitialize[0m @preact/signals@2.8.2
#9 7.828 [0m[32mInitialize[0m @prefresh/vite@2.4.11
#9 7.830 [0m[32mInitialize[0m @mjackson/node-fetch-server@0.7.0
#9 7.832 [0m[32mInitialize[0m @babel/plugin-transform-react-jsx-development@7.27.1
#9 7.832 [0m[32mInitialize[0m @babel/helper-validator-option@7.27.1
#9 7.833 [0m[32mInitialize[0m tinyglobby@0.2.15
#9 7.833 [0m[32mInitialize[0m picomatch@4.0.3
#9 7.836 [0m[32mInitialize[0m @babel/plugin-transform-react-display-name@7.28.0
#9 7.836 [0m[32mInitialize[0m @babel/plugin-transform-react-jsx@7.28.6
#9 7.839 [0m[32mInitialize[0m postcss@8.5.6
#9 7.843 [0m[32mInitialize[0m @prefresh/core@1.5.9
#9 7.845 [0m[32mInitialize[0m @types/estree@1.0.8
#9 7.845 [0m[32mInitialize[0m @babel/core@7.29.0
#9 7.846 [0m[32mInitialize[0m @prefresh/babel-plugin@0.5.2
#9 7.847 [0m[32mInitialize[0m @opentelemetry/api@1.9.0
#9 7.848 [0m[32mInitialize[0m @prefresh/utils@1.2.1
#9 7.849 [0m[32mInitialize[0m @rollup/pluginutils@4.2.1
#9 7.852 [0m[32mInitialize[0m @babel/helper-compilation-targets@7.28.6
#9 7.852 [0m[32mInitialize[0m node-fetch@2.7.0
#9 7.854 [0m[32mInitialize[0m @babel/template@7.28.6
#9 7.857 [0m[32mInitialize[0m debug@4.4.3
#9 7.857 [0m[32mInitialize[0m gensync@1.0.0-beta.2
#9 7.858 [0m[32mInitialize[0m eventsource@2.0.2
#9 7.859 [0m[32mInitialize[0m @jridgewell/remapping@2.3.5
#9 7.871 [0m[32mInitialize[0m @babel/helper-module-transforms@7.28.6
#9 7.872 [0m[32mInitialize[0m semver@6.3.1
#9 7.873 [0m[32mInitialize[0m convert-source-map@2.0.0
#9 7.874 [0m[32mInitialize[0m @preact/signals-core@1.14.0
#9 7.875 [0m[32mInitialize[0m @babel/plugin-syntax-jsx@7.28.6
#9 7.877 [0m[32mInitialize[0m @babel/helper-annotate-as-pure@7.27.3
#9 7.878 [0m[32mInitialize[0m nanoid@3.3.11
#9 7.879 [0m[32mInitialize[0m picocolors@1.1.1
#9 7.880 [0m[32mInitialize[0m @babel/helper-module-imports@7.28.6
#9 7.886 [0m[32mInitialize[0m set-cookie-parser@2.7.2
#9 7.886 [0m[32mInitialize[0m whatwg-url@5.0.0
#9 7.887 [0m[32mInitialize[0m json5@2.2.3
#9 7.890 [0m[32mInitialize[0m lru-cache@5.1.1
#9 7.890 [0m[32mInitialize[0m event-target-shim@5.0.1
#9 7.891 [0m[32mInitialize[0m @babel/compat-data@7.29.0
#9 7.891 [0m[32mInitialize[0m source-map-js@1.2.1
#9 7.892 [0m[32mInitialize[0m estree-walker@2.0.2
#9 7.892 [0m[32mInitialize[0m ms@2.1.3
#9 7.894 [0m[32mInitialize[0m @babel/helper-validator-identifier@7.28.5
#9 7.894 [0m[32mInitialize[0m @babel/generator@7.29.1
#9 7.895 [0m[32mInitialize[0m js-tokens@4.0.0
#9 7.895 [0m[32mInitialize[0m jsesc@3.1.0
#9 7.895 [0m[32mInitialize[0m tough-cookie@4.1.4
#9 7.898 [0m[32mInitialize[0m webidl-conversions@3.0.1
#9 7.899 [0m[32mInitialize[0m @jridgewell/gen-mapping@0.3.13
#9 7.907 [0m[32mInitialize[0m url-parse@1.5.10
#9 7.907 [0m[32mInitialize[0m node-releases@2.0.27
#9 7.918 [0m[32mInitialize[0m magic-string@0.30.21
#9 7.918 [0m[32mInitialize[0m tr46@0.0.3
#9 7.921 [0m[32mInitialize[0m baseline-browser-mapping@2.9.19
#9 7.921 [0m[32mInitialize[0m lightningcss@1.30.2
#9 8.086 [0m[32mInitialize[0m @babel/helper-plugin-utils@7.28.6
#9 8.092 [0m[32mInitialize[0m @babel/code-frame@7.29.0
#9 8.161 [0m[32mInitialize[0m @babel/helper-globals@7.28.0
#9 8.165 [0m[32mInitialize[0m @babel/helper-string-parser@7.27.1
#9 8.166 [0m[32mInitialize[0m universalify@0.2.0
#9 8.166 [0m[32mInitialize[0m punycode@2.3.1
#9 8.171 [0m[32mInitialize[0m update-browserslist-db@1.2.3
#9 8.174 [0m[32mInitialize[0m @jridgewell/trace-mapping@0.3.31
#9 8.176 [0m[32mInitialize[0m enhanced-resolve@5.19.0
#9 8.323 [0m[32mInitialize[0m @tailwindcss/oxide@4.1.18
#9 8.326 [0m[32mInitialize[0m picomatch@2.3.1
#9 8.346 [0m[32mInitialize[0m @babel/helpers@7.28.6
#9 8.347 [0m[32mInitialize[0m @tailwindcss/vite@4.1.18
#9 8.350 [0m[32mInitialize[0m @babel/traverse@7.29.0
#9 8.384 [0m[32mInitialize[0m @babel/types@7.29.0
#9 8.389 [0m[32mInitialize[0m preact@10.28.3
#9 8.427 [0m[32mInitialize[0m vite@7.3.1
#9 8.433 [0m[32mInitialize[0m @tailwindcss/node@4.1.18
#9 8.439 [0m[32mInitialize[0m browserslist@4.28.1
#9 8.440 [0m[32mInitialize[0m yallist@3.1.1
#9 8.450 [0m[32mInitialize[0m graceful-fs@4.2.11
#9 8.451 [0m[32mInitialize[0m @jridgewell/resolve-uri@3.1.2
#9 8.451 [0m[32mInitialize[0m tapable@2.3.0
#9 8.451 [0m[32mInitialize[0m @jridgewell/sourcemap-codec@1.5.5
#9 8.454 [0m[32mInitialize[0m electron-to-chromium@1.5.286
#9 8.459 [0m[32mInitialize[0m psl@1.15.0
#9 8.570 [0m[32mInitialize[0m detect-libc@2.1.2
#9 8.608 [0m[32mInitialize[0m rollup@4.57.1
#9 8.615 [0m[32mInitialize[0m @microsoft/signalr@8.0.17
#9 8.647 [0m[32mInitialize[0m zod@3.25.76
#9 8.653 [0m[32mInitialize[0m requires-port@1.0.0
#9 8.653 [0m[32mInitialize[0m querystringify@2.2.0
#9 9.550 [0m[32mInitialize[0m escalade@3.2.0
#9 9.569 [0m[32mInitialize[0m jiti@2.6.1
#9 9.576 [0m[32mInitialize[0m @babel/parser@7.29.0
#9 9.746 [0m[32mInitialize[0m caniuse-lite@1.0.30001769
#9 9.862 [0m[32mInitialize[0m @rollup/rollup-linux-x64-musl@4.57.1
#9 9.889 [0m[32mInitialize[0m @rollup/rollup-linux-x64-gnu@4.57.1
#9 10.03 [0m[32mInitialize[0m @tailwindcss/oxide-linux-x64-gnu@4.1.18
#9 10.12 [0m[32mInitialize[0m @tailwindcss/oxide-linux-x64-musl@4.1.18
#9 10.52 [0m[32mInitialize[0m esbuild-wasm@0.25.12
#9 10.90 [0m[32mInitialize[0m @esbuild/linux-x64@0.25.7
#9 10.94 [0m[32mInitialize[0m @esbuild/linux-x64@0.25.12
#9 11.01 [0m[32mInitialize[0m lightningcss-linux-x64-musl@1.30.2
#9 11.01 [0m[32mInitialize[0m lightningcss-linux-x64-gnu@1.30.2
#9 11.03 [0m[32mInitialize[0m @esbuild/linux-x64@0.27.3
#9 11.05 [0m[38;5;245mInstalled[0m 131 [0m[38;5;245mpackages[0m [0m[38;5;245min[0m 10s
#9 11.05 [0m[38;5;245mReused[0m 0 [0m[38;5;245mpackages from cache[0m
#9 11.05 [0m[38;5;245mDownloaded[0m 19 [0m[38;5;245mpackages from JSR[0m
#9 11.05 [0m[32m+++++++++++++++++++[0m
#9 11.05 [0m[38;5;245mDownloaded[0m 112 [0m[38;5;245mpackages from npm[0m
#9 11.05 [0m[32m++++++++++++++++++++++++++++++++++++++++++++++++++++++++++++++++++++++++++++++++++++++++++++++++++++++++++++++++[0m
#9 11.05 
#9 11.05 [0m[36mDependencies:[0m
#9 11.05 [0m[32m+[0m [0m[38;5;245mjsr:[0m@deno/esbuild-plugin [0m[38;5;245m1.2.1[0m
#9 11.05 [0m[32m+[0m [0m[38;5;245mjsr:[0m@deno/loader [0m[38;5;245m0.3.11[0m
#9 11.05 [0m[32m+[0m [0m[38;5;245mjsr:[0m@fresh/build-id [0m[38;5;245m1.0.1[0m
#9 11.05 [0m[32m+[0m [0m[38;5;245mjsr:[0m@fresh/core [0m[38;5;245m2.2.0[0m
#9 11.05 [0m[32m+[0m [0m[38;5;245mjsr:[0m@fresh/plugin-vite [0m[38;5;245m1.0.8[0m
#9 11.05 [0m[32m+[0m [0m[38;5;245mjsr:[0m@std/bytes [0m[38;5;245m1.0.6[0m
#9 11.05 [0m[32m+[0m [0m[38;5;245mjsr:[0m@std/dotenv [0m[38;5;245m0.225.6[0m
#9 11.05 [0m[32m+[0m [0m[38;5;245mjsr:[0m@std/encoding [0m[38;5;245m1.0.10[0m
#9 11.05 [0m[32m+[0m [0m[38;5;245mjsr:[0m@std/fmt [0m[38;5;245m1.0.9[0m
#9 11.05 [0m[32m+[0m [0m[38;5;245mjsr:[0m@std/fs [0m[38;5;245m1.0.21[0m
#9 11.05 [0m[32m+[0m [0m[38;5;245mjsr:[0m@std/html [0m[38;5;245m1.0.5[0m
#9 11.05 [0m[32m+[0m [0m[38;5;245mjsr:[0m@std/http [0m[38;5;245m1.0.23[0m
#9 11.05 [0m[32m+[0m [0m[38;5;245mjsr:[0m@std/internal [0m[38;5;245m1.0.12[0m
#9 11.05 [0m[32m+[0m [0m[38;5;245mjsr:[0m@std/json [0m[38;5;245m1.0.2[0m
#9 11.05 [0m[32m+[0m [0m[38;5;245mjsr:[0m@std/jsonc [0m[38;5;245m1.0.2[0m
#9 11.05 [0m[32m+[0m [0m[38;5;245mjsr:[0m@std/media-types [0m[38;5;245m1.1.0[0m
#9 11.05 [0m[32m+[0m [0m[38;5;245mjsr:[0m@std/path [0m[38;5;245m1.1.4[0m
#9 11.05 [0m[32m+[0m [0m[38;5;245mjsr:[0m@std/semver [0m[38;5;245m1.0.8[0m
#9 11.05 [0m[32m+[0m [0m[38;5;245mjsr:[0m@std/uuid [0m[38;5;245m1.1.0[0m
#9 11.05 [0m[32m+[0m [0m[38;5;245mnpm:[0m@babel/core [0m[38;5;245m7.29.0[0m
#9 11.05 [0m[32m+[0m [0m[38;5;245mnpm:[0m@babel/preset-react [0m[38;5;245m7.28.5[0m
#9 11.05 [0m[32m+[0m [0m[38;5;245mnpm:[0m@microsoft/signalr [0m[38;5;245m8.0.17[0m
#9 11.05 [0m[32m+[0m [0m[38;5;245mnpm:[0m@mjackson/node-fetch-server [0m[38;5;245m0.7.0[0m
#9 11.05 [0m[32m+[0m [0m[38;5;245mnpm:[0m@opentelemetry/api [0m[38;5;245m1.9.0[0m
#9 11.05 [0m[32m+[0m [0m[38;5;245mnpm:[0m@preact/signals [0m[38;5;245m2.8.2[0m
#9 11.05 [0m[32m+[0m [0m[38;5;245mnpm:[0m@prefresh/vite [0m[38;5;245m2.4.11[0m
#9 11.05 [0m[32m+[0m [0m[38;5;245mnpm:[0m@tailwindcss/vite [0m[38;5;245m4.1.18[0m
#9 11.05 [0m[32m+[0m [0m[38;5;245mnpm:[0mesbuild [0m[38;5;245m0.25.7[0m
#9 11.05 [0m[32m+[0m [0m[38;5;245mnpm:[0mesbuild [0m[38;5;245m0.25.12[0m
#9 11.05 [0m[32m+[0m [0m[38;5;245mnpm:[0mesbuild-wasm [0m[38;5;245m0.25.12[0m
#9 11.05 [0m[32m+[0m [0m[38;5;245mnpm:[0mpreact [0m[38;5;245m10.28.3[0m
#9 11.05 [0m[32m+[0m [0m[38;5;245mnpm:[0mpreact-render-to-string [0m[38;5;245m6.6.5[0m
#9 11.05 [0m[32m+[0m [0m[38;5;245mnpm:[0mrollup [0m[38;5;245m4.57.1[0m
#9 11.05 [0m[32m+[0m [0m[38;5;245mnpm:[0mtailwindcss [0m[38;5;245m4.1.18[0m
#9 11.05 [0m[32m+[0m [0m[38;5;245mnpm:[0mvite [0m[38;5;245m7.3.1[0m
#9 11.05 [0m[32m+[0m [0m[38;5;245mnpm:[0mzod [0m[38;5;245m3.25.76[0m
#9 11.05 
#9 DONE 11.2s

#10 [5/7] COPY . .
#10 DONE 1.4s

#11 [6/7] RUN deno task build
#11 0.180 [0m[32mTask[0m [0m[36mbuild[0m vite build
#11 0.796 vite v7.3.1 building client environment for production...
#11 1.177 transforming...
#11 1.887 node_modules/.deno/@microsoft+signalr@8.0.17/node_modules/@microsoft/signalr/dist/esm/Utils.js (239:0): A comment
#11 1.887 
#11 1.887 "/*#__PURE__*/"
#11 1.887 
#11 1.887 in "node_modules/.deno/@microsoft+signalr@8.0.17/node_modules/@microsoft/signalr/dist/esm/Utils.js" contains an annotation that Rollup cannot interpret due to the position of the comment. The comment will be removed to avoid issues.
#11 1.887 node_modules/.deno/@microsoft+signalr@8.0.17/node_modules/@microsoft/signalr/dist/esm/Utils.js (257:0): A comment
#11 1.887 
#11 1.887 "/*#__PURE__*/"
#11 1.887 
#11 1.887 in "node_modules/.deno/@microsoft+signalr@8.0.17/node_modules/@microsoft/signalr/dist/esm/Utils.js" contains an annotation that Rollup cannot interpret due to the position of the comment. The comment will be removed to avoid issues.
#11 2.303 Γ£ô 89 modules transformed.
#11 2.306 Γ£ù Build failed in 1.49s
#11 2.306 error during build:
#11 2.306 islands/MushroomActionPanel.tsx (3:9): "useToast" is not exported by "islands/ToastProvider.tsx", imported by "islands/MushroomActionPanel.tsx".
#11 2.306 file: /app/islands/MushroomActionPanel.tsx:3:9
#11 2.306 
#11 2.306 1: import { useSignal } from "@preact/signals";
#11 2.306 2: import { MushroomAPI } from "../utils/farmos-client.ts";
#11 2.306 3: import { useToast } from "./ToastProvider.tsx";
#11 2.306             ^
#11 2.306 4: import { jsx as _jsx, jsxs as _jsxs } from "preact/jsx-runtime";
#11 2.306 5: export default function MushroomActionPanel({
#11 2.306 
#11 2.306     at getRollupError (/app/node_modules/.deno/rollup@4.57.1/node_modules/rollup/dist/es/shared/parseAst.js:435:39)
#11 2.306     at error (/app/node_modules/.deno/rollup@4.57.1/node_modules/rollup/dist/es/shared/parseAst.js:431:40)
#11 2.306     at Module.error (/app/node_modules/.deno/rollup@4.57.1/node_modules/rollup/dist/es/shared/node-entry.js:21041:12)
#11 2.306     at Module.traceVariable (/app/node_modules/.deno/rollup@4.57.1/node_modules/rollup/dist/es/shared/node-entry.js:21568:21)
#11 2.306     at ModuleScope.findVariable (/app/node_modules/.deno/rollup@4.57.1/node_modules/rollup/dist/es/shared/node-entry.js:18656:35)
#11 2.306     at FunctionScope.findVariable (/app/node_modules/.deno/rollup@4.57.1/node_modules/rollup/dist/es/shared/node-entry.js:6619:34)
#11 2.306     at FunctionBodyScope.findVariable (/app/node_modules/.deno/rollup@4.57.1/node_modules/rollup/dist/es/shared/node-entry.js:6619:34)
#11 2.306     at Identifier.bind (/app/node_modules/.deno/rollup@4.57.1/node_modules/rollup/dist/es/shared/node-entry.js:6342:34)
#11 2.306     at CallExpression.bind (/app/node_modules/.deno/rollup@4.57.1/node_modules/rollup/dist/es/shared/node-entry.js:3244:15)
#11 2.306     at CallExpression.bind (/app/node_modules/.deno/rollup@4.57.1/node_modules/rollup/dist/es/shared/node-entry.js:14971:11)
#11 2.306     at VariableDeclarator.bind (/app/node_modules/.deno/rollup@4.57.1/node_modules/rollup/dist/es/shared/node-entry.js:3244:15)
#11 2.306     at VariableDeclaration.bind (/app/node_modules/.deno/rollup@4.57.1/node_modules/rollup/dist/es/shared/node-entry.js:3241:18)
#11 2.306     at BlockStatement.bind (/app/node_modules/.deno/rollup@4.57.1/node_modules/rollup/dist/es/shared/node-entry.js:3241:18)
#11 2.306     at FunctionDeclaration.bind (/app/node_modules/.deno/rollup@4.57.1/node_modules/rollup/dist/es/shared/node-entry.js:3244:15)
#11 2.306     at ExportDefaultDeclaration.bind (/app/node_modules/.deno/rollup@4.57.1/node_modules/rollup/dist/es/shared/node-entry.js:3244:15)
#11 2.306     at ExportDefaultDeclaration.bind (/app/node_modules/.deno/rollup@4.57.1/node_modules/rollup/dist/es/shared/node-entry.js:8226:11)
#11 2.306     at Program.bind (/app/node_modules/.deno/rollup@4.57.1/node_modules/rollup/dist/es/shared/node-entry.js:3241:18)
#11 2.306     at Module.bindReferences (/app/node_modules/.deno/rollup@4.57.1/node_modules/rollup/dist/es/shared/node-entry.js:21020:14)
#11 2.306     at Graph.sortAndBindModules (/app/node_modules/.deno/rollup@4.57.1/node_modules/rollup/dist/es/shared/node-entry.js:29051:14)
#11 2.306     at Graph.build (/app/node_modules/.deno/rollup@4.57.1/node_modules/rollup/dist/es/shared/node-entry.js:28941:10)
#11 2.306     at async /app/node_modules/.deno/rollup@4.57.1/node_modules/rollup/dist/es/shared/node-entry.js:29844:7
#11 2.306     at async catchUnfinishedHookActions (/app/node_modules/.deno/rollup@4.57.1/node_modules/rollup/dist/es/shared/node-entry.js:29126:12)
#11 2.306     at async rollupInternal (/app/node_modules/.deno/rollup@4.57.1/node_modules/rollup/dist/es/shared/node-entry.js:29839:3)
#11 2.306     at async buildEnvironment (/app/node_modules/.deno/vite@7.3.1/node_modules/vite/dist/node/chunks/config.js:43535:14)
#11 2.306     at async Object.build (/app/node_modules/.deno/vite@7.3.1/node_modules/vite/dist/node/chunks/config.js:44096:22)
#11 2.306     at async Object.buildApp (https://jsr.io/@fresh/plugin-vite/1.0.8/src/mod.ts:120:17)
#11 2.306     at async Object.buildApp (/app/node_modules/.deno/vite@7.3.1/node_modules/vite/dist/node/chunks/config.js:44084:41)
#11 2.306     at async CAC.<anonymous> (/app/node_modules/.deno/vite@7.3.1/node_modules/vite/dist/node/cli.js:862:9)
#11 ERROR: process "/bin/sh -c deno task build" did not complete successfully: exit code: 1
------
 > [6/7] RUN deno task build:
2.306     at Graph.sortAndBindModules (/app/node_modules/.deno/rollup@4.57.1/node_modules/rollup/dist/es/shared/node-entry.js:29051:14)
2.306     at Graph.build (/app/node_modules/.deno/rollup@4.57.1/node_modules/rollup/dist/es/shared/node-entry.js:28941:10)
2.306     at async /app/node_modules/.deno/rollup@4.57.1/node_modules/rollup/dist/es/shared/node-entry.js:29844:7
2.306     at async catchUnfinishedHookActions (/app/node_modules/.deno/rollup@4.57.1/node_modules/rollup/dist/es/shared/node-entry.js:29126:12)
2.306     at async rollupInternal (/app/node_modules/.deno/rollup@4.57.1/node_modules/rollup/dist/es/shared/node-entry.js:29839:3)
2.306     at async buildEnvironment (/app/node_modules/.deno/vite@7.3.1/node_modules/vite/dist/node/chunks/config.js:43535:14)
2.306     at async Object.build (/app/node_modules/.deno/vite@7.3.1/node_modules/vite/dist/node/chunks/config.js:44096:22)
2.306     at async Object.buildApp (https://jsr.io/@fresh/plugin-vite/1.0.8/src/mod.ts:120:17)
2.306     at async Object.buildApp (/app/node_modules/.deno/vite@7.3.1/node_modules/vite/dist/node/chunks/config.js:44084:41)
2.306     at async CAC.<anonymous> (/app/node_modules/.deno/vite@7.3.1/node_modules/vite/dist/node/cli.js:862:9)
------
Dockerfile:16

--------------------

  14 |     

  15 |     # Build the Fresh/Vite project ΓÇö generates _fresh/

  16 | >>> RUN deno task build

  17 |     RUN deno cache _fresh/server.js

  18 |     

--------------------

failed to solve: process "/bin/sh -c deno task build" did not complete successfully: exit code: 1



View build details: docker-desktop://dashboard/build/default/default/eejiahc0ea9n9m79mzi6iv3vy

